<?xml version="1.0" encoding="UTF-8"?>
<testng-results ignored="0" total="2" passed="2" failed="0" skipped="0">
  <reporter-output>
  </reporter-output>
  <suite started-at="2023-10-19T19:20:13 IST" name="Suite" finished-at="2023-10-19T19:20:35 IST" duration-ms="21811">
    <groups>
    </groups>
    <test started-at="2023-10-19T19:20:13 IST" name="Test" finished-at="2023-10-19T19:20:35 IST" duration-ms="21811">
      <class name="com.SwagLabs.TestCases.OverviewPageTest">
        <test-method is-config="true" signature="setUp()[pri:0, instance:com.SwagLabs.TestCases.OverviewPageTest@291a7e3c]" started-at="2023-10-19T19:20:13 IST" name="setUp" finished-at="2023-10-19T19:20:17 IST" duration-ms="3958" status="PASS">
          <reporter-output>
          </reporter-output>
        </test-method> <!-- setUp -->
        <test-method is-config="true" signature="pageSetUp()[pri:0, instance:com.SwagLabs.TestCases.OverviewPageTest@291a7e3c]" started-at="2023-10-19T19:20:17 IST" name="pageSetUp" finished-at="2023-10-19T19:20:34 IST" duration-ms="17173" status="PASS">
          <reporter-output>
          </reporter-output>
        </test-method> <!-- pageSetUp -->
        <test-method signature="verifySummary()[pri:1, instance:com.SwagLabs.TestCases.OverviewPageTest@291a7e3c]" started-at="2023-10-19T19:20:34 IST" name="verifySummary" finished-at="2023-10-19T19:20:35 IST" duration-ms="52" status="PASS">
          <reporter-output>
          </reporter-output>
        </test-method> <!-- verifySummary -->
        <test-method signature="verifyFinshProcess()[pri:2, instance:com.SwagLabs.TestCases.OverviewPageTest@291a7e3c]" started-at="2023-10-19T19:20:35 IST" name="verifyFinshProcess" finished-at="2023-10-19T19:20:35 IST" duration-ms="321" status="PASS">
          <reporter-output>
          </reporter-output>
        </test-method> <!-- verifyFinshProcess -->
        <test-method is-config="true" signature="tearDown()[pri:0, instance:com.SwagLabs.TestCases.OverviewPageTest@291a7e3c]" started-at="2023-10-19T19:20:35 IST" name="tearDown" finished-at="2023-10-19T19:20:35 IST" duration-ms="247" status="PASS">
          <reporter-output>
          </reporter-output>
        </test-method> <!-- tearDown -->
      </class> <!-- com.SwagLabs.TestCases.OverviewPageTest -->
    </test> <!-- Test -->
  </suite> <!-- Suite -->
</testng-results>
