<?xml version="1.0" encoding="UTF-8"?>
<testsuite xmlns:xsi="http://www.w3.org/2001/XMLSchema-instance" xsi:noNamespaceSchemaLocation="https://maven.apache.org/surefire/maven-surefire-plugin/xsd/surefire-test-report-3.0.xsd" version="3.0" name="TestSuite" time="23.321" tests="2" errors="0" skipped="0" failures="0">
  <properties>
[...]
</properties>
  <testcase name="verifySummary" classname="com.SwagLabs.TestCases.OverviewPageTest" time="0.055">
    <system-out><![CDATA[******Login page****************
*****Inventory page***************
Total Products are: 0
************Product Lables are************
Product added to the cart
****************Cart Page***************
Cart page Open
Product get removed from cart page
Select the product for continue
Product added to the cart
Cart page Open
Checkout page open
************CheckOut**********
checkout details added!
**********Overview Page**********
*****Product Order Summary is********
QTYDescription
1
Sauce Labs Backpack
carry.allTheThings() with the sleek, streamlined Sly Pack that melds uncompromising style with unequaled laptop and tablet protection.
$29.99
Payment Information
SauceCard #31337
Shipping Information
Free Pony Express Delivery!
Price Total
Item total: $29.99
Tax: $2.40
Total: $32.39
Cancel
Finish
]]></system-out>
    <system-err><![CDATA[Oct 19, 2023 7:20:17 PM org.openqa.selenium.devtools.CdpVersionFinder findNearestMatch
WARNING: Unable to find an exact match for CDP version 118, so returning the closest version found: 117
]]></system-err>
  </testcase>
  <testcase name="verifyFinshProcess" classname="com.SwagLabs.TestCases.OverviewPageTest" time="0.317">
    <system-out><![CDATA[Thank you for your order!
]]></system-out>
  </testcase>
</testsuite>