<?xml version="1.0" encoding="UTF-8"?>
<testng-results ignored="0" total="2" passed="2" failed="0" skipped="0">
  <reporter-output>
  </reporter-output>
  <suite started-at="2023-10-19T18:44:17 IST" name="Suite" finished-at="2023-10-19T18:44:39 IST" duration-ms="22313">
    <groups>
    </groups>
    <test started-at="2023-10-19T18:44:17 IST" name="Test" finished-at="2023-10-19T18:44:39 IST" duration-ms="22313">
      <class name="com.SwagLabs.TestCases.OverviewPageTest">
        <test-method is-config="true" signature="setUp()[pri:0, instance:com.SwagLabs.TestCases.OverviewPageTest@6821ea29]" started-at="2023-10-19T18:44:17 IST" name="setUp" finished-at="2023-10-19T18:44:22 IST" duration-ms="4938" status="PASS">
          <reporter-output>
          </reporter-output>
        </test-method> <!-- setUp -->
        <test-method is-config="true" signature="pageSetUp()[pri:0, instance:com.SwagLabs.TestCases.OverviewPageTest@6821ea29]" started-at="2023-10-19T18:44:22 IST" name="pageSetUp" finished-at="2023-10-19T18:44:38 IST" duration-ms="16645" status="PASS">
          <reporter-output>
          </reporter-output>
        </test-method> <!-- pageSetUp -->
        <test-method signature="verifySummary()[pri:1, instance:com.SwagLabs.TestCases.OverviewPageTest@6821ea29]" started-at="2023-10-19T18:44:38 IST" name="verifySummary" finished-at="2023-10-19T18:44:38 IST" duration-ms="65" status="PASS">
          <reporter-output>
          </reporter-output>
        </test-method> <!-- verifySummary -->
        <test-method signature="verifyFinshProcess()[pri:2, instance:com.SwagLabs.TestCases.OverviewPageTest@6821ea29]" started-at="2023-10-19T18:44:38 IST" name="verifyFinshProcess" finished-at="2023-10-19T18:44:39 IST" duration-ms="342" status="PASS">
          <reporter-output>
          </reporter-output>
        </test-method> <!-- verifyFinshProcess -->
        <test-method is-config="true" signature="tearDown()[pri:0, instance:com.SwagLabs.TestCases.OverviewPageTest@6821ea29]" started-at="2023-10-19T18:44:39 IST" name="tearDown" finished-at="2023-10-19T18:44:39 IST" duration-ms="255" status="PASS">
          <reporter-output>
          </reporter-output>
        </test-method> <!-- tearDown -->
      </class> <!-- com.SwagLabs.TestCases.OverviewPageTest -->
    </test> <!-- Test -->
  </suite> <!-- Suite -->
</testng-results>
